<?xml version="1.0" encoding="UTF-8"?>
<testsuite xmlns:xsi="http://www.w3.org/2001/XMLSchema-instance" xsi:noNamespaceSchemaLocation="https://maven.apache.org/surefire/maven-surefire-plugin/xsd/surefire-test-report-3.0.xsd" version="3.0" name="org.acme.quickstart.GreetingResourceTest" time="4.051" tests="1" errors="0" skipped="0" failures="0">
  <properties>
    <property name="awt.toolkit" value="sun.awt.X11.XToolkit"/>
    <property name="java.specification.version" value="11"/>
    <property name="sun.cpu.isalist" value=""/>
    <property name="test.url" value="http://localhost:8081"/>
    <property name="sun.jnu.encoding" value="UTF-8"/>
    <property name="java.class.path" value="/home/taraujo/rh-repo/quarkus-demo/target/test-classes:/home/taraujo/rh-repo/quarkus-demo/target/classes:/home/taraujo/.m2/repository/io/quarkus/quarkus-arc/1.11.6.Final-redhat-00001/quarkus-arc-1.11.6.Final-redhat-00001.jar:/home/taraujo/.m2/repository/io/quarkus/arc/arc/1.11.6.Final-redhat-00001/arc-1.11.6.Final-redhat-00001.jar:/home/taraujo/.m2/repository/jakarta/enterprise/jakarta.enterprise.cdi-api/2.0.2.redhat-00002/jakarta.enterprise.cdi-api-2.0.2.redhat-00002.jar:/home/taraujo/.m2/repository/jakarta/el/jakarta.el-api/3.0.3.redhat-00002/jakarta.el-api-3.0.3.redhat-00002.jar:/home/taraujo/.m2/repository/jakarta/interceptor/jakarta.interceptor-api/1.2.5.redhat-00002/jakarta.interceptor-api-1.2.5.redhat-00002.jar:/home/taraujo/.m2/repository/jakarta/annotation/jakarta.annotation-api/1.3.5.redhat-00002/jakarta.annotation-api-1.3.5.redhat-00002.jar:/home/taraujo/.m2/repository/jakarta/transaction/jakarta.transaction-api/1.3.3.redhat-00002/jakarta.transaction-api-1.3.3.redhat-00002.jar:/home/taraujo/.m2/repository/org/jboss/logging/jboss-logging/3.4.1.Final-redhat-00001/jboss-logging-3.4.1.Final-redhat-00001.jar:/home/taraujo/.m2/repository/io/quarkus/quarkus-core/1.11.6.Final-redhat-00001/quarkus-core-1.11.6.Final-redhat-00001.jar:/home/taraujo/.m2/repository/jakarta/inject/jakarta.inject-api/1.0.0.redhat-00002/jakarta.inject-api-1.0.0.redhat-00002.jar:/home/taraujo/.m2/repository/io/quarkus/quarkus-ide-launcher/1.11.6.Final-redhat-00001/quarkus-ide-launcher-1.11.6.Final-redhat-00001.jar:/home/taraujo/.m2/repository/io/quarkus/quarkus-development-mode-spi/1.11.6.Final-redhat-00001/quarkus-development-mode-spi-1.11.6.Final-redhat-00001.jar:/home/taraujo/.m2/repository/io/smallrye/config/smallrye-config/1.10.2.redhat-00001/smallrye-config-1.10.2.redhat-00001.jar:/home/taraujo/.m2/repository/io/smallrye/common/smallrye-common-annotation/1.5.0.redhat-00001/smallrye-common-annotation-1.5.0.redhat-00001.jar:/home/taraujo/.m2/repository/io/smallrye/config/smallrye-config-common/1.10.2.redhat-00001/smallrye-config-common-1.10.2.redhat-00001.jar:/home/taraujo/.m2/repository/org/eclipse/microprofile/config/microprofile-config-api/1.4.0.redhat-00006/microprofile-config-api-1.4.0.redhat-00006.jar:/home/taraujo/.m2/repository/io/smallrye/common/smallrye-common-expression/1.5.0.redhat-00001/smallrye-common-expression-1.5.0.redhat-00001.jar:/home/taraujo/.m2/repository/io/smallrye/common/smallrye-common-function/1.5.0.redhat-00001/smallrye-common-function-1.5.0.redhat-00001.jar:/home/taraujo/.m2/repository/io/smallrye/common/smallrye-common-constraint/1.5.0.redhat-00001/smallrye-common-constraint-1.5.0.redhat-00001.jar:/home/taraujo/.m2/repository/io/smallrye/common/smallrye-common-classloader/1.5.0.redhat-00001/smallrye-common-classloader-1.5.0.redhat-00001.jar:/home/taraujo/.m2/repository/org/jboss/logmanager/jboss-logmanager-embedded/1.0.6.redhat-00001/jboss-logmanager-embedded-1.0.6.redhat-00001.jar:/home/taraujo/.m2/repository/org/jboss/logging/jboss-logging-annotations/2.2.0.Final-redhat-00001/jboss-logging-annotations-2.2.0.Final-redhat-00001.jar:/home/taraujo/.m2/repository/org/jboss/threads/jboss-threads/3.2.0.Final-redhat-00003/jboss-threads-3.2.0.Final-redhat-00003.jar:/home/taraujo/.m2/repository/org/slf4j/slf4j-api/1.7.30.redhat-00001/slf4j-api-1.7.30.redhat-00001.jar:/home/taraujo/.m2/repository/org/jboss/slf4j/slf4j-jboss-logmanager/1.1.0.Final-redhat-00001/slf4j-jboss-logmanager-1.1.0.Final-redhat-00001.jar:/home/taraujo/.m2/repository/org/graalvm/sdk/graal-sdk/20.3.1.2-0-redhat-00001/graal-sdk-20.3.1.2-0-redhat-00001.jar:/home/taraujo/.m2/repository/org/wildfly/common/wildfly-common/1.5.4.Final-format-001-redhat-00001/wildfly-common-1.5.4.Final-format-001-redhat-00001.jar:/home/taraujo/.m2/repository/io/quarkus/quarkus-bootstrap-runner/1.11.6.Final-redhat-00001/quarkus-bootstrap-runner-1.11.6.Final-redhat-00001.jar:/home/taraujo/.m2/repository/org/eclipse/microprofile/context-propagation/microprofile-context-propagation-api/1.0.1.redhat-00002/microprofile-context-propagation-api-1.0.1.redhat-00002.jar:/home/taraujo/.m2/repository/io/quarkus/quarkus-resteasy/1.11.6.Final-redhat-00001/quarkus-resteasy-1.11.6.Final-redhat-00001.jar:/home/taraujo/.m2/repository/io/quarkus/quarkus-vertx-http/1.11.6.Final-redhat-00001/quarkus-vertx-http-1.11.6.Final-redhat-00001.jar:/home/taraujo/.m2/repository/io/quarkus/quarkus-security-runtime-spi/1.11.6.Final-redhat-00001/quarkus-security-runtime-spi-1.11.6.Final-redhat-00001.jar:/home/taraujo/.m2/repository/io/quarkus/quarkus-vertx-http-dev-console-runtime-spi/1.11.6.Final-redhat-00001/quarkus-vertx-http-dev-console-runtime-spi-1.11.6.Final-redhat-00001.jar:/home/taraujo/.m2/repository/io/quarkus/security/quarkus-security/1.1.3.Final-redhat-00001/quarkus-security-1.1.3.Final-redhat-00001.jar:/home/taraujo/.m2/repository/io/smallrye/reactive/mutiny/0.12.5.redhat-00001/mutiny-0.12.5.redhat-00001.jar:/home/taraujo/.m2/repository/org/reactivestreams/reactive-streams/1.0.3.redhat-00003/reactive-streams-1.0.3.redhat-00003.jar:/home/taraujo/.m2/repository/io/quarkus/quarkus-vertx-core/1.11.6.Final-redhat-00001/quarkus-vertx-core-1.11.6.Final-redhat-00001.jar:/home/taraujo/.m2/repository/io/quarkus/quarkus-netty/1.11.6.Final-redhat-00001/quarkus-netty-1.11.6.Final-redhat-00001.jar:/home/taraujo/.m2/repository/io/netty/netty-codec/4.1.49.Final-redhat-00001/netty-codec-4.1.49.Final-redhat-00001.jar:/home/taraujo/.m2/repository/io/netty/netty-handler/4.1.49.Final-redhat-00001/netty-handler-4.1.49.Final-redhat-00001.jar:/home/taraujo/.m2/repository/io/vertx/vertx-core/3.9.5.redhat-00002/vertx-core-3.9.5.redhat-00002.jar:/home/taraujo/.m2/repository/io/netty/netty-common/4.1.49.Final-redhat-00001/netty-common-4.1.49.Final-redhat-00001.jar:/home/taraujo/.m2/repository/io/netty/netty-buffer/4.1.49.Final-redhat-00001/netty-buffer-4.1.49.Final-redhat-00001.jar:/home/taraujo/.m2/repository/io/netty/netty-transport/4.1.49.Final-redhat-00001/netty-transport-4.1.49.Final-redhat-00001.jar:/home/taraujo/.m2/repository/io/netty/netty-handler-proxy/4.1.49.Final-redhat-00001/netty-handler-proxy-4.1.49.Final-redhat-00001.jar:/home/taraujo/.m2/repository/io/netty/netty-codec-socks/4.1.49.Final-redhat-00001/netty-codec-socks-4.1.49.Final-redhat-00001.jar:/home/taraujo/.m2/repository/io/netty/netty-codec-http/4.1.49.Final-redhat-00001/netty-codec-http-4.1.49.Final-redhat-00001.jar:/home/taraujo/.m2/repository/io/netty/netty-codec-http2/4.1.49.Final-redhat-00001/netty-codec-http2-4.1.49.Final-redhat-00001.jar:/home/taraujo/.m2/repository/io/netty/netty-resolver/4.1.49.Final-redhat-00001/netty-resolver-4.1.49.Final-redhat-00001.jar:/home/taraujo/.m2/repository/io/netty/netty-resolver-dns/4.1.49.Final-redhat-00001/netty-resolver-dns-4.1.49.Final-redhat-00001.jar:/home/taraujo/.m2/repository/io/netty/netty-codec-dns/4.1.49.Final-redhat-00001/netty-codec-dns-4.1.49.Final-redhat-00001.jar:/home/taraujo/.m2/repository/com/fasterxml/jackson/core/jackson-core/2.11.3.redhat-00001/jackson-core-2.11.3.redhat-00001.jar:/home/taraujo/.m2/repository/io/vertx/vertx-web/3.9.5.redhat-00002/vertx-web-3.9.5.redhat-00002.jar:/home/taraujo/.m2/repository/io/vertx/vertx-web-common/3.9.5.redhat-00002/vertx-web-common-3.9.5.redhat-00002.jar:/home/taraujo/.m2/repository/io/vertx/vertx-auth-common/3.9.5.redhat-00002/vertx-auth-common-3.9.5.redhat-00002.jar:/home/taraujo/.m2/repository/io/vertx/vertx-bridge-common/3.9.5.redhat-00002/vertx-bridge-common-3.9.5.redhat-00002.jar:/home/taraujo/.m2/repository/io/quarkus/quarkus-resteasy-server-common/1.11.6.Final-redhat-00001/quarkus-resteasy-server-common-1.11.6.Final-redhat-00001.jar:/home/taraujo/.m2/repository/io/quarkus/quarkus-resteasy-common/1.11.6.Final-redhat-00001/quarkus-resteasy-common-1.11.6.Final-redhat-00001.jar:/home/taraujo/.m2/repository/org/jboss/resteasy/resteasy-core/4.5.9.Final-redhat-00006/resteasy-core-4.5.9.Final-redhat-00006.jar:/home/taraujo/.m2/repository/org/jboss/spec/javax/ws/rs/jboss-jaxrs-api_2.1_spec/2.0.1.Final-redhat-00001/jboss-jaxrs-api_2.1_spec-2.0.1.Final-redhat-00001.jar:/home/taraujo/.m2/repository/org/jboss/spec/javax/xml/bind/jboss-jaxb-api_2.3_spec/2.0.0.Final-redhat-00001/jboss-jaxb-api_2.3_spec-2.0.0.Final-redhat-00001.jar:/home/taraujo/.m2/repository/org/jboss/resteasy/resteasy-core-spi/4.5.9.Final-redhat-00006/resteasy-core-spi-4.5.9.Final-redhat-00006.jar:/home/taraujo/.m2/repository/com/ibm/async/asyncutil/0.1.0.redhat-00009/asyncutil-0.1.0.redhat-00009.jar:/home/taraujo/.m2/repository/com/sun/activation/jakarta.activation/1.2.1.redhat-00002/jakarta.activation-1.2.1.redhat-00002.jar:/home/taraujo/.m2/repository/jakarta/validation/jakarta.validation-api/2.0.2.redhat-00001/jakarta.validation-api-2.0.2.redhat-00001.jar:/home/taraujo/.m2/repository/io/quarkus/quarkus-junit5/1.11.6.Final/quarkus-junit5-1.11.6.Final.jar:/home/taraujo/.m2/repository/io/quarkus/quarkus-bootstrap-core/1.11.6.Final-redhat-00001/quarkus-bootstrap-core-1.11.6.Final-redhat-00001.jar:/home/taraujo/.m2/repository/io/quarkus/quarkus-bootstrap-app-model/1.11.6.Final-redhat-00001/quarkus-bootstrap-app-model-1.11.6.Final-redhat-00001.jar:/home/taraujo/.m2/repository/io/quarkus/quarkus-bootstrap-maven-resolver/1.11.6.Final-redhat-00001/quarkus-bootstrap-maven-resolver-1.11.6.Final-redhat-00001.jar:/home/taraujo/.m2/repository/org/apache/maven/maven-embedder/3.6.3/maven-embedder-3.6.3.jar:/home/taraujo/.m2/repository/org/apache/maven/maven-settings/3.6.3/maven-settings-3.6.3.jar:/home/taraujo/.m2/repository/org/apache/maven/maven-core/3.6.3/maven-core-3.6.3.jar:/home/taraujo/.m2/repository/org/apache/maven/maven-artifact/3.6.3/maven-artifact-3.6.3.jar:/home/taraujo/.m2/repository/org/codehaus/plexus/plexus-component-annotations/2.1.0/plexus-component-annotations-2.1.0.jar:/home/taraujo/.m2/repository/org/apache/maven/maven-plugin-api/3.6.3/maven-plugin-api-3.6.3.jar:/home/taraujo/.m2/repository/org/apache/maven/maven-model/3.6.3/maven-model-3.6.3.jar:/home/taraujo/.m2/repository/org/apache/maven/maven-model-builder/3.6.3/maven-model-builder-3.6.3.jar:/home/taraujo/.m2/repository/org/apache/maven/maven-builder-support/3.6.3/maven-builder-support-3.6.3.jar:/home/taraujo/.m2/repository/org/apache/maven/resolver/maven-resolver-api/1.4.1/maven-resolver-api-1.4.1.jar:/home/taraujo/.m2/repository/org/apache/maven/resolver/maven-resolver-util/1.4.1/maven-resolver-util-1.4.1.jar:/home/taraujo/.m2/repository/org/apache/maven/shared/maven-shared-utils/3.2.1/maven-shared-utils-3.2.1.jar:/home/taraujo/.m2/repository/commons-io/commons-io/2.8.0.redhat-00001/commons-io-2.8.0.redhat-00001.jar:/home/taraujo/.m2/repository/com/google/inject/guice/4.2.1/guice-4.2.1-no_aop.jar:/home/taraujo/.m2/repository/com/google/guava/guava/30.1.0.jre-redhat-00003/guava-30.1.0.jre-redhat-00003.jar:/home/taraujo/.m2/repository/com/google/guava/failureaccess/1.0.1.redhat-00002/failureaccess-1.0.1.redhat-00002.jar:/home/taraujo/.m2/repository/com/google/guava/listenablefuture/9999.0.0.empty-to-avoid-conflict-with-guava-redhat-00001/listenablefuture-9999.0.0.empty-to-avoid-conflict-with-guava-redhat-00001.jar:/home/taraujo/.m2/repository/org/codehaus/plexus/plexus-utils/3.2.1/plexus-utils-3.2.1.jar:/home/taraujo/.m2/repository/org/codehaus/plexus/plexus-classworlds/2.6.0/plexus-classworlds-2.6.0.jar:/home/taraujo/.m2/repository/commons-cli/commons-cli/1.4.0.redhat-00001/commons-cli-1.4.0.redhat-00001.jar:/home/taraujo/.m2/repository/org/eclipse/sisu/org.eclipse.sisu.plexus/0.3.4/org.eclipse.sisu.plexus-0.3.4.jar:/home/taraujo/.m2/repository/org/apache/maven/maven-settings-builder/3.6.3/maven-settings-builder-3.6.3.jar:/home/taraujo/.m2/repository/org/codehaus/plexus/plexus-interpolation/1.25/plexus-interpolation-1.25.jar:/home/taraujo/.m2/repository/org/sonatype/plexus/plexus-sec-dispatcher/1.4/plexus-sec-dispatcher-1.4.jar:/home/taraujo/.m2/repository/org/sonatype/plexus/plexus-cipher/1.4/plexus-cipher-1.4.jar:/home/taraujo/.m2/repository/org/apache/maven/maven-resolver-provider/3.6.3/maven-resolver-provider-3.6.3.jar:/home/taraujo/.m2/repository/org/apache/maven/maven-repository-metadata/3.6.3/maven-repository-metadata-3.6.3.jar:/home/taraujo/.m2/repository/org/apache/maven/resolver/maven-resolver-spi/1.4.1/maven-resolver-spi-1.4.1.jar:/home/taraujo/.m2/repository/org/apache/maven/resolver/maven-resolver-impl/1.4.1/maven-resolver-impl-1.4.1.jar:/home/taraujo/.m2/repository/org/apache/maven/resolver/maven-resolver-connector-basic/1.4.1/maven-resolver-connector-basic-1.4.1.jar:/home/taraujo/.m2/repository/org/apache/maven/resolver/maven-resolver-transport-wagon/1.4.1/maven-resolver-transport-wagon-1.4.1.jar:/home/taraujo/.m2/repository/org/apache/maven/wagon/wagon-http/3.3.4/wagon-http-3.3.4.jar:/home/taraujo/.m2/repository/org/apache/maven/wagon/wagon-http-shared/3.3.4/wagon-http-shared-3.3.4.jar:/home/taraujo/.m2/repository/org/jsoup/jsoup/1.12.1/jsoup-1.12.1.jar:/home/taraujo/.m2/repository/org/apache/maven/wagon/wagon-provider-api/3.3.4/wagon-provider-api-3.3.4.jar:/home/taraujo/.m2/repository/org/apache/maven/wagon/wagon-file/3.3.4/wagon-file-3.3.4.jar:/home/taraujo/.m2/repository/io/quarkus/quarkus-bootstrap-gradle-resolver/1.11.6.Final/quarkus-bootstrap-gradle-resolver-1.11.6.Final.jar:/home/taraujo/.m2/repository/io/smallrye/common/smallrye-common-io/1.5.0.redhat-00001/smallrye-common-io-1.5.0.redhat-00001.jar:/home/taraujo/.m2/repository/org/eclipse/sisu/org.eclipse.sisu.inject/0.3.4/org.eclipse.sisu.inject-0.3.4.jar:/home/taraujo/.m2/repository/io/quarkus/quarkus-test-common/1.11.6.Final/quarkus-test-common-1.11.6.Final.jar:/home/taraujo/.m2/repository/io/quarkus/quarkus-core-deployment/1.11.6.Final-redhat-00001/quarkus-core-deployment-1.11.6.Final-redhat-00001.jar:/home/taraujo/.m2/repository/io/quarkus/gizmo/gizmo/1.0.6.Final-redhat-00001/gizmo-1.0.6.Final-redhat-00001.jar:/home/taraujo/.m2/repository/org/ow2/asm/asm-util/9.0/asm-util-9.0.jar:/home/taraujo/.m2/repository/org/ow2/asm/asm-tree/9.0/asm-tree-9.0.jar:/home/taraujo/.m2/repository/org/ow2/asm/asm-analysis/9.0/asm-analysis-9.0.jar:/home/taraujo/.m2/repository/org/ow2/asm/asm/9.0/asm-9.0.jar:/home/taraujo/.m2/repository/io/quarkus/quarkus-class-change-agent/1.11.6.Final-redhat-00001/quarkus-class-change-agent-1.11.6.Final-redhat-00001.jar:/home/taraujo/.m2/repository/io/quarkus/quarkus-devtools-utilities/1.11.6.Final-redhat-00001/quarkus-devtools-utilities-1.11.6.Final-redhat-00001.jar:/home/taraujo/.m2/repository/io/quarkus/quarkus-builder/1.11.6.Final-redhat-00001/quarkus-builder-1.11.6.Final-redhat-00001.jar:/home/taraujo/.m2/repository/io/quarkus/quarkus-jsonp-deployment/1.11.6.Final-redhat-00001/quarkus-jsonp-deployment-1.11.6.Final-redhat-00001.jar:/home/taraujo/.m2/repository/io/quarkus/quarkus-jsonp/1.11.6.Final-redhat-00001/quarkus-jsonp-1.11.6.Final-redhat-00001.jar:/home/taraujo/.m2/repository/org/glassfish/jakarta.json/1.1.6.redhat-00003/jakarta.json-1.1.6.redhat-00003.jar:/home/taraujo/.m2/repository/org/jboss/jandex/2.2.2.Final-redhat-00001/jandex-2.2.2.Final-redhat-00001.jar:/home/taraujo/.m2/repository/org/jboss/logging/commons-logging-jboss-logging/1.0.0.Final-redhat-1/commons-logging-jboss-logging-1.0.0.Final-redhat-1.jar:/home/taraujo/.m2/repository/org/junit/jupiter/junit-jupiter/5.7.0/junit-jupiter-5.7.0.jar:/home/taraujo/.m2/repository/org/junit/jupiter/junit-jupiter-api/5.7.0/junit-jupiter-api-5.7.0.jar:/home/taraujo/.m2/repository/org/apiguardian/apiguardian-api/1.1.0/apiguardian-api-1.1.0.jar:/home/taraujo/.m2/repository/org/opentest4j/opentest4j/1.2.0/opentest4j-1.2.0.jar:/home/taraujo/.m2/repository/org/junit/platform/junit-platform-commons/1.7.0/junit-platform-commons-1.7.0.jar:/home/taraujo/.m2/repository/org/junit/jupiter/junit-jupiter-params/5.7.0/junit-jupiter-params-5.7.0.jar:/home/taraujo/.m2/repository/org/junit/jupiter/junit-jupiter-engine/5.7.0/junit-jupiter-engine-5.7.0.jar:/home/taraujo/.m2/repository/org/junit/platform/junit-platform-engine/1.7.0/junit-platform-engine-1.7.0.jar:/home/taraujo/.m2/repository/com/thoughtworks/xstream/xstream/1.4.14/xstream-1.4.14.jar:/home/taraujo/.m2/repository/xmlpull/xmlpull/1.1.3.1/xmlpull-1.1.3.1.jar:/home/taraujo/.m2/repository/xpp3/xpp3_min/1.1.4c/xpp3_min-1.1.4c.jar:/home/taraujo/.m2/repository/io/rest-assured/rest-assured/4.3.3/rest-assured-4.3.3.jar:/home/taraujo/.m2/repository/org/codehaus/groovy/groovy/3.0.5/groovy-3.0.5.jar:/home/taraujo/.m2/repository/org/codehaus/groovy/groovy-xml/3.0.7/groovy-xml-3.0.7.jar:/home/taraujo/.m2/repository/org/apache/httpcomponents/httpclient/4.5.13.redhat-00002/httpclient-4.5.13.redhat-00002.jar:/home/taraujo/.m2/repository/org/apache/httpcomponents/httpcore/4.4.14.redhat-00001/httpcore-4.4.14.redhat-00001.jar:/home/taraujo/.m2/repository/commons-codec/commons-codec/1.14.0.redhat-00001/commons-codec-1.14.0.redhat-00001.jar:/home/taraujo/.m2/repository/org/apache/httpcomponents/httpmime/4.5.13.redhat-00002/httpmime-4.5.13.redhat-00002.jar:/home/taraujo/.m2/repository/org/hamcrest/hamcrest/2.1/hamcrest-2.1.jar:/home/taraujo/.m2/repository/org/ccil/cowan/tagsoup/tagsoup/1.2.1/tagsoup-1.2.1.jar:/home/taraujo/.m2/repository/io/rest-assured/json-path/4.3.3/json-path-4.3.3.jar:/home/taraujo/.m2/repository/org/codehaus/groovy/groovy-json/3.0.5/groovy-json-3.0.5.jar:/home/taraujo/.m2/repository/io/rest-assured/rest-assured-common/4.3.3/rest-assured-common-4.3.3.jar:/home/taraujo/.m2/repository/io/rest-assured/xml-path/4.3.3/xml-path-4.3.3.jar:/home/taraujo/.m2/repository/org/apache/commons/commons-lang3/3.11.0.redhat-00001/commons-lang3-3.11.0.redhat-00001.jar:/home/taraujo/.m2/repository/jakarta/xml/bind/jakarta.xml.bind-api/2.3.2/jakarta.xml.bind-api-2.3.2.jar:/home/taraujo/.m2/repository/jakarta/activation/jakarta.activation-api/1.2.1.redhat-00002/jakarta.activation-api-1.2.1.redhat-00002.jar:/home/taraujo/.m2/repository/com/sun/xml/bind/jaxb-impl/2.3.3/jaxb-impl-2.3.3.jar:/home/taraujo/.m2/repository/io/quarkus/quarkus-openshift/1.11.6.Final-redhat-00001/quarkus-openshift-1.11.6.Final-redhat-00001.jar:/home/taraujo/.m2/repository/io/quarkus/quarkus-kubernetes-client-internal/1.11.6.Final-redhat-00001/quarkus-kubernetes-client-internal-1.11.6.Final-redhat-00001.jar:"/>
    <property name="java.vm.vendor" value="Oracle Corporation"/>
    <property name="sun.arch.data.model" value="64"/>
    <property name="java.vendor.url" value="https://openjdk.java.net/"/>
    <property name="user.timezone" value="Europe/Lisbon"/>
    <property name="java.vm.specification.version" value="11"/>
    <property name="os.name" value="Linux"/>
    <property name="user.country" value="GB"/>
    <property name="sun.java.launcher" value="SUN_STANDARD"/>
    <property name="sun.boot.library.path" value="/home/taraujo/.sdkman/candidates/java/21.1.0.0-mandrel/lib"/>
    <property name="sun.java.command" value="/home/taraujo/rh-repo/quarkus-demo/target/surefire/surefirebooter822210168473017507.jar /home/taraujo/rh-repo/quarkus-demo/target/surefire 2021-05-13T13-21-39_944-jvmRun1 surefire14718513680539830977tmp surefire_015359686425126307164tmp"/>
    <property name="jdk.debug" value="release"/>
    <property name="maven.home" value="/home/taraujo/.m2/wrapper/dists/apache-maven-3.6.3-bin/1iopthnavndlasol9gbrbg6bf2/apache-maven-3.6.3"/>
    <property name="surefire.test.class.path" value="/home/taraujo/rh-repo/quarkus-demo/target/test-classes:/home/taraujo/rh-repo/quarkus-demo/target/classes:/home/taraujo/.m2/repository/io/quarkus/quarkus-arc/1.11.6.Final-redhat-00001/quarkus-arc-1.11.6.Final-redhat-00001.jar:/home/taraujo/.m2/repository/io/quarkus/arc/arc/1.11.6.Final-redhat-00001/arc-1.11.6.Final-redhat-00001.jar:/home/taraujo/.m2/repository/jakarta/enterprise/jakarta.enterprise.cdi-api/2.0.2.redhat-00002/jakarta.enterprise.cdi-api-2.0.2.redhat-00002.jar:/home/taraujo/.m2/repository/jakarta/el/jakarta.el-api/3.0.3.redhat-00002/jakarta.el-api-3.0.3.redhat-00002.jar:/home/taraujo/.m2/repository/jakarta/interceptor/jakarta.interceptor-api/1.2.5.redhat-00002/jakarta.interceptor-api-1.2.5.redhat-00002.jar:/home/taraujo/.m2/repository/jakarta/annotation/jakarta.annotation-api/1.3.5.redhat-00002/jakarta.annotation-api-1.3.5.redhat-00002.jar:/home/taraujo/.m2/repository/jakarta/transaction/jakarta.transaction-api/1.3.3.redhat-00002/jakarta.transaction-api-1.3.3.redhat-00002.jar:/home/taraujo/.m2/repository/org/jboss/logging/jboss-logging/3.4.1.Final-redhat-00001/jboss-logging-3.4.1.Final-redhat-00001.jar:/home/taraujo/.m2/repository/io/quarkus/quarkus-core/1.11.6.Final-redhat-00001/quarkus-core-1.11.6.Final-redhat-00001.jar:/home/taraujo/.m2/repository/jakarta/inject/jakarta.inject-api/1.0.0.redhat-00002/jakarta.inject-api-1.0.0.redhat-00002.jar:/home/taraujo/.m2/repository/io/quarkus/quarkus-ide-launcher/1.11.6.Final-redhat-00001/quarkus-ide-launcher-1.11.6.Final-redhat-00001.jar:/home/taraujo/.m2/repository/io/quarkus/quarkus-development-mode-spi/1.11.6.Final-redhat-00001/quarkus-development-mode-spi-1.11.6.Final-redhat-00001.jar:/home/taraujo/.m2/repository/io/smallrye/config/smallrye-config/1.10.2.redhat-00001/smallrye-config-1.10.2.redhat-00001.jar:/home/taraujo/.m2/repository/io/smallrye/common/smallrye-common-annotation/1.5.0.redhat-00001/smallrye-common-annotation-1.5.0.redhat-00001.jar:/home/taraujo/.m2/repository/io/smallrye/config/smallrye-config-common/1.10.2.redhat-00001/smallrye-config-common-1.10.2.redhat-00001.jar:/home/taraujo/.m2/repository/org/eclipse/microprofile/config/microprofile-config-api/1.4.0.redhat-00006/microprofile-config-api-1.4.0.redhat-00006.jar:/home/taraujo/.m2/repository/io/smallrye/common/smallrye-common-expression/1.5.0.redhat-00001/smallrye-common-expression-1.5.0.redhat-00001.jar:/home/taraujo/.m2/repository/io/smallrye/common/smallrye-common-function/1.5.0.redhat-00001/smallrye-common-function-1.5.0.redhat-00001.jar:/home/taraujo/.m2/repository/io/smallrye/common/smallrye-common-constraint/1.5.0.redhat-00001/smallrye-common-constraint-1.5.0.redhat-00001.jar:/home/taraujo/.m2/repository/io/smallrye/common/smallrye-common-classloader/1.5.0.redhat-00001/smallrye-common-classloader-1.5.0.redhat-00001.jar:/home/taraujo/.m2/repository/org/jboss/logmanager/jboss-logmanager-embedded/1.0.6.redhat-00001/jboss-logmanager-embedded-1.0.6.redhat-00001.jar:/home/taraujo/.m2/repository/org/jboss/logging/jboss-logging-annotations/2.2.0.Final-redhat-00001/jboss-logging-annotations-2.2.0.Final-redhat-00001.jar:/home/taraujo/.m2/repository/org/jboss/threads/jboss-threads/3.2.0.Final-redhat-00003/jboss-threads-3.2.0.Final-redhat-00003.jar:/home/taraujo/.m2/repository/org/slf4j/slf4j-api/1.7.30.redhat-00001/slf4j-api-1.7.30.redhat-00001.jar:/home/taraujo/.m2/repository/org/jboss/slf4j/slf4j-jboss-logmanager/1.1.0.Final-redhat-00001/slf4j-jboss-logmanager-1.1.0.Final-redhat-00001.jar:/home/taraujo/.m2/repository/org/graalvm/sdk/graal-sdk/20.3.1.2-0-redhat-00001/graal-sdk-20.3.1.2-0-redhat-00001.jar:/home/taraujo/.m2/repository/org/wildfly/common/wildfly-common/1.5.4.Final-format-001-redhat-00001/wildfly-common-1.5.4.Final-format-001-redhat-00001.jar:/home/taraujo/.m2/repository/io/quarkus/quarkus-bootstrap-runner/1.11.6.Final-redhat-00001/quarkus-bootstrap-runner-1.11.6.Final-redhat-00001.jar:/home/taraujo/.m2/repository/org/eclipse/microprofile/context-propagation/microprofile-context-propagation-api/1.0.1.redhat-00002/microprofile-context-propagation-api-1.0.1.redhat-00002.jar:/home/taraujo/.m2/repository/io/quarkus/quarkus-resteasy/1.11.6.Final-redhat-00001/quarkus-resteasy-1.11.6.Final-redhat-00001.jar:/home/taraujo/.m2/repository/io/quarkus/quarkus-vertx-http/1.11.6.Final-redhat-00001/quarkus-vertx-http-1.11.6.Final-redhat-00001.jar:/home/taraujo/.m2/repository/io/quarkus/quarkus-security-runtime-spi/1.11.6.Final-redhat-00001/quarkus-security-runtime-spi-1.11.6.Final-redhat-00001.jar:/home/taraujo/.m2/repository/io/quarkus/quarkus-vertx-http-dev-console-runtime-spi/1.11.6.Final-redhat-00001/quarkus-vertx-http-dev-console-runtime-spi-1.11.6.Final-redhat-00001.jar:/home/taraujo/.m2/repository/io/quarkus/security/quarkus-security/1.1.3.Final-redhat-00001/quarkus-security-1.1.3.Final-redhat-00001.jar:/home/taraujo/.m2/repository/io/smallrye/reactive/mutiny/0.12.5.redhat-00001/mutiny-0.12.5.redhat-00001.jar:/home/taraujo/.m2/repository/org/reactivestreams/reactive-streams/1.0.3.redhat-00003/reactive-streams-1.0.3.redhat-00003.jar:/home/taraujo/.m2/repository/io/quarkus/quarkus-vertx-core/1.11.6.Final-redhat-00001/quarkus-vertx-core-1.11.6.Final-redhat-00001.jar:/home/taraujo/.m2/repository/io/quarkus/quarkus-netty/1.11.6.Final-redhat-00001/quarkus-netty-1.11.6.Final-redhat-00001.jar:/home/taraujo/.m2/repository/io/netty/netty-codec/4.1.49.Final-redhat-00001/netty-codec-4.1.49.Final-redhat-00001.jar:/home/taraujo/.m2/repository/io/netty/netty-handler/4.1.49.Final-redhat-00001/netty-handler-4.1.49.Final-redhat-00001.jar:/home/taraujo/.m2/repository/io/vertx/vertx-core/3.9.5.redhat-00002/vertx-core-3.9.5.redhat-00002.jar:/home/taraujo/.m2/repository/io/netty/netty-common/4.1.49.Final-redhat-00001/netty-common-4.1.49.Final-redhat-00001.jar:/home/taraujo/.m2/repository/io/netty/netty-buffer/4.1.49.Final-redhat-00001/netty-buffer-4.1.49.Final-redhat-00001.jar:/home/taraujo/.m2/repository/io/netty/netty-transport/4.1.49.Final-redhat-00001/netty-transport-4.1.49.Final-redhat-00001.jar:/home/taraujo/.m2/repository/io/netty/netty-handler-proxy/4.1.49.Final-redhat-00001/netty-handler-proxy-4.1.49.Final-redhat-00001.jar:/home/taraujo/.m2/repository/io/netty/netty-codec-socks/4.1.49.Final-redhat-00001/netty-codec-socks-4.1.49.Final-redhat-00001.jar:/home/taraujo/.m2/repository/io/netty/netty-codec-http/4.1.49.Final-redhat-00001/netty-codec-http-4.1.49.Final-redhat-00001.jar:/home/taraujo/.m2/repository/io/netty/netty-codec-http2/4.1.49.Final-redhat-00001/netty-codec-http2-4.1.49.Final-redhat-00001.jar:/home/taraujo/.m2/repository/io/netty/netty-resolver/4.1.49.Final-redhat-00001/netty-resolver-4.1.49.Final-redhat-00001.jar:/home/taraujo/.m2/repository/io/netty/netty-resolver-dns/4.1.49.Final-redhat-00001/netty-resolver-dns-4.1.49.Final-redhat-00001.jar:/home/taraujo/.m2/repository/io/netty/netty-codec-dns/4.1.49.Final-redhat-00001/netty-codec-dns-4.1.49.Final-redhat-00001.jar:/home/taraujo/.m2/repository/com/fasterxml/jackson/core/jackson-core/2.11.3.redhat-00001/jackson-core-2.11.3.redhat-00001.jar:/home/taraujo/.m2/repository/io/vertx/vertx-web/3.9.5.redhat-00002/vertx-web-3.9.5.redhat-00002.jar:/home/taraujo/.m2/repository/io/vertx/vertx-web-common/3.9.5.redhat-00002/vertx-web-common-3.9.5.redhat-00002.jar:/home/taraujo/.m2/repository/io/vertx/vertx-auth-common/3.9.5.redhat-00002/vertx-auth-common-3.9.5.redhat-00002.jar:/home/taraujo/.m2/repository/io/vertx/vertx-bridge-common/3.9.5.redhat-00002/vertx-bridge-common-3.9.5.redhat-00002.jar:/home/taraujo/.m2/repository/io/quarkus/quarkus-resteasy-server-common/1.11.6.Final-redhat-00001/quarkus-resteasy-server-common-1.11.6.Final-redhat-00001.jar:/home/taraujo/.m2/repository/io/quarkus/quarkus-resteasy-common/1.11.6.Final-redhat-00001/quarkus-resteasy-common-1.11.6.Final-redhat-00001.jar:/home/taraujo/.m2/repository/org/jboss/resteasy/resteasy-core/4.5.9.Final-redhat-00006/resteasy-core-4.5.9.Final-redhat-00006.jar:/home/taraujo/.m2/repository/org/jboss/spec/javax/ws/rs/jboss-jaxrs-api_2.1_spec/2.0.1.Final-redhat-00001/jboss-jaxrs-api_2.1_spec-2.0.1.Final-redhat-00001.jar:/home/taraujo/.m2/repository/org/jboss/spec/javax/xml/bind/jboss-jaxb-api_2.3_spec/2.0.0.Final-redhat-00001/jboss-jaxb-api_2.3_spec-2.0.0.Final-redhat-00001.jar:/home/taraujo/.m2/repository/org/jboss/resteasy/resteasy-core-spi/4.5.9.Final-redhat-00006/resteasy-core-spi-4.5.9.Final-redhat-00006.jar:/home/taraujo/.m2/repository/com/ibm/async/asyncutil/0.1.0.redhat-00009/asyncutil-0.1.0.redhat-00009.jar:/home/taraujo/.m2/repository/com/sun/activation/jakarta.activation/1.2.1.redhat-00002/jakarta.activation-1.2.1.redhat-00002.jar:/home/taraujo/.m2/repository/jakarta/validation/jakarta.validation-api/2.0.2.redhat-00001/jakarta.validation-api-2.0.2.redhat-00001.jar:/home/taraujo/.m2/repository/io/quarkus/quarkus-junit5/1.11.6.Final/quarkus-junit5-1.11.6.Final.jar:/home/taraujo/.m2/repository/io/quarkus/quarkus-bootstrap-core/1.11.6.Final-redhat-00001/quarkus-bootstrap-core-1.11.6.Final-redhat-00001.jar:/home/taraujo/.m2/repository/io/quarkus/quarkus-bootstrap-app-model/1.11.6.Final-redhat-00001/quarkus-bootstrap-app-model-1.11.6.Final-redhat-00001.jar:/home/taraujo/.m2/repository/io/quarkus/quarkus-bootstrap-maven-resolver/1.11.6.Final-redhat-00001/quarkus-bootstrap-maven-resolver-1.11.6.Final-redhat-00001.jar:/home/taraujo/.m2/repository/org/apache/maven/maven-embedder/3.6.3/maven-embedder-3.6.3.jar:/home/taraujo/.m2/repository/org/apache/maven/maven-settings/3.6.3/maven-settings-3.6.3.jar:/home/taraujo/.m2/repository/org/apache/maven/maven-core/3.6.3/maven-core-3.6.3.jar:/home/taraujo/.m2/repository/org/apache/maven/maven-artifact/3.6.3/maven-artifact-3.6.3.jar:/home/taraujo/.m2/repository/org/codehaus/plexus/plexus-component-annotations/2.1.0/plexus-component-annotations-2.1.0.jar:/home/taraujo/.m2/repository/org/apache/maven/maven-plugin-api/3.6.3/maven-plugin-api-3.6.3.jar:/home/taraujo/.m2/repository/org/apache/maven/maven-model/3.6.3/maven-model-3.6.3.jar:/home/taraujo/.m2/repository/org/apache/maven/maven-model-builder/3.6.3/maven-model-builder-3.6.3.jar:/home/taraujo/.m2/repository/org/apache/maven/maven-builder-support/3.6.3/maven-builder-support-3.6.3.jar:/home/taraujo/.m2/repository/org/apache/maven/resolver/maven-resolver-api/1.4.1/maven-resolver-api-1.4.1.jar:/home/taraujo/.m2/repository/org/apache/maven/resolver/maven-resolver-util/1.4.1/maven-resolver-util-1.4.1.jar:/home/taraujo/.m2/repository/org/apache/maven/shared/maven-shared-utils/3.2.1/maven-shared-utils-3.2.1.jar:/home/taraujo/.m2/repository/commons-io/commons-io/2.8.0.redhat-00001/commons-io-2.8.0.redhat-00001.jar:/home/taraujo/.m2/repository/com/google/inject/guice/4.2.1/guice-4.2.1-no_aop.jar:/home/taraujo/.m2/repository/com/google/guava/guava/30.1.0.jre-redhat-00003/guava-30.1.0.jre-redhat-00003.jar:/home/taraujo/.m2/repository/com/google/guava/failureaccess/1.0.1.redhat-00002/failureaccess-1.0.1.redhat-00002.jar:/home/taraujo/.m2/repository/com/google/guava/listenablefuture/9999.0.0.empty-to-avoid-conflict-with-guava-redhat-00001/listenablefuture-9999.0.0.empty-to-avoid-conflict-with-guava-redhat-00001.jar:/home/taraujo/.m2/repository/org/codehaus/plexus/plexus-utils/3.2.1/plexus-utils-3.2.1.jar:/home/taraujo/.m2/repository/org/codehaus/plexus/plexus-classworlds/2.6.0/plexus-classworlds-2.6.0.jar:/home/taraujo/.m2/repository/commons-cli/commons-cli/1.4.0.redhat-00001/commons-cli-1.4.0.redhat-00001.jar:/home/taraujo/.m2/repository/org/eclipse/sisu/org.eclipse.sisu.plexus/0.3.4/org.eclipse.sisu.plexus-0.3.4.jar:/home/taraujo/.m2/repository/org/apache/maven/maven-settings-builder/3.6.3/maven-settings-builder-3.6.3.jar:/home/taraujo/.m2/repository/org/codehaus/plexus/plexus-interpolation/1.25/plexus-interpolation-1.25.jar:/home/taraujo/.m2/repository/org/sonatype/plexus/plexus-sec-dispatcher/1.4/plexus-sec-dispatcher-1.4.jar:/home/taraujo/.m2/repository/org/sonatype/plexus/plexus-cipher/1.4/plexus-cipher-1.4.jar:/home/taraujo/.m2/repository/org/apache/maven/maven-resolver-provider/3.6.3/maven-resolver-provider-3.6.3.jar:/home/taraujo/.m2/repository/org/apache/maven/maven-repository-metadata/3.6.3/maven-repository-metadata-3.6.3.jar:/home/taraujo/.m2/repository/org/apache/maven/resolver/maven-resolver-spi/1.4.1/maven-resolver-spi-1.4.1.jar:/home/taraujo/.m2/repository/org/apache/maven/resolver/maven-resolver-impl/1.4.1/maven-resolver-impl-1.4.1.jar:/home/taraujo/.m2/repository/org/apache/maven/resolver/maven-resolver-connector-basic/1.4.1/maven-resolver-connector-basic-1.4.1.jar:/home/taraujo/.m2/repository/org/apache/maven/resolver/maven-resolver-transport-wagon/1.4.1/maven-resolver-transport-wagon-1.4.1.jar:/home/taraujo/.m2/repository/org/apache/maven/wagon/wagon-http/3.3.4/wagon-http-3.3.4.jar:/home/taraujo/.m2/repository/org/apache/maven/wagon/wagon-http-shared/3.3.4/wagon-http-shared-3.3.4.jar:/home/taraujo/.m2/repository/org/jsoup/jsoup/1.12.1/jsoup-1.12.1.jar:/home/taraujo/.m2/repository/org/apache/maven/wagon/wagon-provider-api/3.3.4/wagon-provider-api-3.3.4.jar:/home/taraujo/.m2/repository/org/apache/maven/wagon/wagon-file/3.3.4/wagon-file-3.3.4.jar:/home/taraujo/.m2/repository/io/quarkus/quarkus-bootstrap-gradle-resolver/1.11.6.Final/quarkus-bootstrap-gradle-resolver-1.11.6.Final.jar:/home/taraujo/.m2/repository/io/smallrye/common/smallrye-common-io/1.5.0.redhat-00001/smallrye-common-io-1.5.0.redhat-00001.jar:/home/taraujo/.m2/repository/org/eclipse/sisu/org.eclipse.sisu.inject/0.3.4/org.eclipse.sisu.inject-0.3.4.jar:/home/taraujo/.m2/repository/io/quarkus/quarkus-test-common/1.11.6.Final/quarkus-test-common-1.11.6.Final.jar:/home/taraujo/.m2/repository/io/quarkus/quarkus-core-deployment/1.11.6.Final-redhat-00001/quarkus-core-deployment-1.11.6.Final-redhat-00001.jar:/home/taraujo/.m2/repository/io/quarkus/gizmo/gizmo/1.0.6.Final-redhat-00001/gizmo-1.0.6.Final-redhat-00001.jar:/home/taraujo/.m2/repository/org/ow2/asm/asm-util/9.0/asm-util-9.0.jar:/home/taraujo/.m2/repository/org/ow2/asm/asm-tree/9.0/asm-tree-9.0.jar:/home/taraujo/.m2/repository/org/ow2/asm/asm-analysis/9.0/asm-analysis-9.0.jar:/home/taraujo/.m2/repository/org/ow2/asm/asm/9.0/asm-9.0.jar:/home/taraujo/.m2/repository/io/quarkus/quarkus-class-change-agent/1.11.6.Final-redhat-00001/quarkus-class-change-agent-1.11.6.Final-redhat-00001.jar:/home/taraujo/.m2/repository/io/quarkus/quarkus-devtools-utilities/1.11.6.Final-redhat-00001/quarkus-devtools-utilities-1.11.6.Final-redhat-00001.jar:/home/taraujo/.m2/repository/io/quarkus/quarkus-builder/1.11.6.Final-redhat-00001/quarkus-builder-1.11.6.Final-redhat-00001.jar:/home/taraujo/.m2/repository/io/quarkus/quarkus-jsonp-deployment/1.11.6.Final-redhat-00001/quarkus-jsonp-deployment-1.11.6.Final-redhat-00001.jar:/home/taraujo/.m2/repository/io/quarkus/quarkus-jsonp/1.11.6.Final-redhat-00001/quarkus-jsonp-1.11.6.Final-redhat-00001.jar:/home/taraujo/.m2/repository/org/glassfish/jakarta.json/1.1.6.redhat-00003/jakarta.json-1.1.6.redhat-00003.jar:/home/taraujo/.m2/repository/org/jboss/jandex/2.2.2.Final-redhat-00001/jandex-2.2.2.Final-redhat-00001.jar:/home/taraujo/.m2/repository/org/jboss/logging/commons-logging-jboss-logging/1.0.0.Final-redhat-1/commons-logging-jboss-logging-1.0.0.Final-redhat-1.jar:/home/taraujo/.m2/repository/org/junit/jupiter/junit-jupiter/5.7.0/junit-jupiter-5.7.0.jar:/home/taraujo/.m2/repository/org/junit/jupiter/junit-jupiter-api/5.7.0/junit-jupiter-api-5.7.0.jar:/home/taraujo/.m2/repository/org/apiguardian/apiguardian-api/1.1.0/apiguardian-api-1.1.0.jar:/home/taraujo/.m2/repository/org/opentest4j/opentest4j/1.2.0/opentest4j-1.2.0.jar:/home/taraujo/.m2/repository/org/junit/platform/junit-platform-commons/1.7.0/junit-platform-commons-1.7.0.jar:/home/taraujo/.m2/repository/org/junit/jupiter/junit-jupiter-params/5.7.0/junit-jupiter-params-5.7.0.jar:/home/taraujo/.m2/repository/org/junit/jupiter/junit-jupiter-engine/5.7.0/junit-jupiter-engine-5.7.0.jar:/home/taraujo/.m2/repository/org/junit/platform/junit-platform-engine/1.7.0/junit-platform-engine-1.7.0.jar:/home/taraujo/.m2/repository/com/thoughtworks/xstream/xstream/1.4.14/xstream-1.4.14.jar:/home/taraujo/.m2/repository/xmlpull/xmlpull/1.1.3.1/xmlpull-1.1.3.1.jar:/home/taraujo/.m2/repository/xpp3/xpp3_min/1.1.4c/xpp3_min-1.1.4c.jar:/home/taraujo/.m2/repository/io/rest-assured/rest-assured/4.3.3/rest-assured-4.3.3.jar:/home/taraujo/.m2/repository/org/codehaus/groovy/groovy/3.0.5/groovy-3.0.5.jar:/home/taraujo/.m2/repository/org/codehaus/groovy/groovy-xml/3.0.7/groovy-xml-3.0.7.jar:/home/taraujo/.m2/repository/org/apache/httpcomponents/httpclient/4.5.13.redhat-00002/httpclient-4.5.13.redhat-00002.jar:/home/taraujo/.m2/repository/org/apache/httpcomponents/httpcore/4.4.14.redhat-00001/httpcore-4.4.14.redhat-00001.jar:/home/taraujo/.m2/repository/commons-codec/commons-codec/1.14.0.redhat-00001/commons-codec-1.14.0.redhat-00001.jar:/home/taraujo/.m2/repository/org/apache/httpcomponents/httpmime/4.5.13.redhat-00002/httpmime-4.5.13.redhat-00002.jar:/home/taraujo/.m2/repository/org/hamcrest/hamcrest/2.1/hamcrest-2.1.jar:/home/taraujo/.m2/repository/org/ccil/cowan/tagsoup/tagsoup/1.2.1/tagsoup-1.2.1.jar:/home/taraujo/.m2/repository/io/rest-assured/json-path/4.3.3/json-path-4.3.3.jar:/home/taraujo/.m2/repository/org/codehaus/groovy/groovy-json/3.0.5/groovy-json-3.0.5.jar:/home/taraujo/.m2/repository/io/rest-assured/rest-assured-common/4.3.3/rest-assured-common-4.3.3.jar:/home/taraujo/.m2/repository/io/rest-assured/xml-path/4.3.3/xml-path-4.3.3.jar:/home/taraujo/.m2/repository/org/apache/commons/commons-lang3/3.11.0.redhat-00001/commons-lang3-3.11.0.redhat-00001.jar:/home/taraujo/.m2/repository/jakarta/xml/bind/jakarta.xml.bind-api/2.3.2/jakarta.xml.bind-api-2.3.2.jar:/home/taraujo/.m2/repository/jakarta/activation/jakarta.activation-api/1.2.1.redhat-00002/jakarta.activation-api-1.2.1.redhat-00002.jar:/home/taraujo/.m2/repository/com/sun/xml/bind/jaxb-impl/2.3.3/jaxb-impl-2.3.3.jar:/home/taraujo/.m2/repository/io/quarkus/quarkus-openshift/1.11.6.Final-redhat-00001/quarkus-openshift-1.11.6.Final-redhat-00001.jar:/home/taraujo/.m2/repository/io/quarkus/quarkus-kubernetes-client-internal/1.11.6.Final-redhat-00001/quarkus-kubernetes-client-internal-1.11.6.Final-redhat-00001.jar:"/>
    <property name="sun.cpu.endian" value="little"/>
    <property name="user.home" value="/home/taraujo"/>
    <property name="user.language" value="en"/>
    <property name="java.specification.vendor" value="Oracle Corporation"/>
    <property name="io.netty.allocator.maxOrder" value="1"/>
    <property name="java.version.date" value="2021-04-20"/>
    <property name="java.home" value="/home/taraujo/.sdkman/candidates/java/21.1.0.0-mandrel"/>
    <property name="file.separator" value="/"/>
    <property name="basedir" value="/home/taraujo/rh-repo/quarkus-demo"/>
    <property name="java.vm.compressedOopsMode" value="Zero based"/>
    <property name="line.separator" value="&#10;"/>
    <property name="java.specification.name" value="Java Platform API Specification"/>
    <property name="java.vm.specification.vendor" value="Oracle Corporation"/>
    <property name="java.awt.graphicsenv" value="sun.awt.X11GraphicsEnvironment"/>
    <property name="surefire.real.class.path" value="/home/taraujo/rh-repo/quarkus-demo/target/surefire/surefirebooter822210168473017507.jar"/>
    <property name="sun.management.compiler" value="HotSpot 64-Bit Tiered Compilers"/>
    <property name="java.runtime.version" value="11.0.11+9"/>
    <property name="user.name" value="taraujo"/>
    <property name="path.separator" value=":"/>
    <property name="securerandom.source" value="file:/dev/./urandom"/>
    <property name="os.version" value="5.11.17-300.fc34.x86_64"/>
    <property name="java.runtime.name" value="OpenJDK Runtime Environment"/>
    <property name="file.encoding" value="UTF-8"/>
    <property name="sun.nio.ch.bugLevel" value=""/>
    <property name="java.vm.name" value="OpenJDK 64-Bit Server VM"/>
    <property name="java.vendor.version" value="18.9"/>
    <property name="io.netty.noJdkZlibDecoder" value="false"/>
    <property name="localRepository" value="/home/taraujo/.m2/repository"/>
    <property name="java.vendor.url.bug" value="https://bugreport.java.com/bugreport/"/>
    <property name="java.io.tmpdir" value="/tmp"/>
    <property name="quarkus.log.file.path" value="target/quarkus.log"/>
    <property name="java.version" value="11.0.11"/>
    <property name="user.dir" value="/home/taraujo/rh-repo/quarkus-demo"/>
    <property name="os.arch" value="amd64"/>
    <property name="java.vm.specification.name" value="Java Virtual Machine Specification"/>
    <property name="vertx.disableDnsResolver" value="true"/>
    <property name="java.awt.printerjob" value="sun.print.PSPrinterJob"/>
    <property name="sun.os.patch.level" value="unknown"/>
    <property name="java.util.logging.manager" value="org.jboss.logmanager.LogManager"/>
    <property name="java.library.path" value="/usr/java/packages/lib:/usr/lib64:/lib64:/lib:/usr/lib"/>
    <property name="java.vm.info" value="mixed mode"/>
    <property name="java.vendor" value="Oracle Corporation"/>
    <property name="java.vm.version" value="11.0.11+9"/>
    <property name="sun.io.unicode.encoding" value="UnicodeLittle"/>
    <property name="io.netty.machineId" value="2e:b2:ce:03:22:4a:ad:37"/>
    <property name="java.class.version" value="55.0"/>
  </properties>
  <testcase name="testHelloEndpoint" classname="org.acme.quickstart.GreetingResourceTest" time="1.059">
    <system-out><![CDATA[2021-05-13 13:21:43,713 INFO  [io.quarkus] (main) Quarkus 1.11.6.Final-redhat-00001 on JVM started in 1.328s. Listening on: http://localhost:8081
2021-05-13 13:21:43,714 INFO  [io.quarkus] (main) Profile test activated. 
2021-05-13 13:21:43,714 INFO  [io.quarkus] (main) Installed features: [cdi, kubernetes, resteasy]
]]></system-out>
  </testcase>
</testsuite>